Determining if the pthread_create exist failed with the following output:
Change Dir: /home/zejian/catkin_ws/build/CMakeFiles/CMakeTmp

Run Build Command:/usr/bin/make "cmTryCompileExec1808744406/fast"
/usr/bin/make -f CMakeFiles/cmTryCompileExec1808744406.dir/build.make CMakeFiles/cmTryCompileExec1808744406.dir/build
make[1]: Entering directory `/home/zejian/catkin_ws/build/CMakeFiles/CMakeTmp'
/usr/bin/cmake -E cmake_progress_report /home/zejian/catkin_ws/build/CMakeFiles/CMakeTmp/CMakeFiles 1
Building C object CMakeFiles/cmTryCompileExec1808744406.dir/CheckSymbolExists.c.o
/usr/bin/cc    -o CMakeFiles/cmTryCompileExec1808744406.dir/CheckSymbolExists.c.o   -c /home/zejian/catkin_ws/build/CMakeFiles/CMakeTmp/CheckSymbolExists.c
Linking C executable cmTryCompileExec1808744406
/usr/bin/cmake -E cmake_link_script CMakeFiles/cmTryCompileExec1808744406.dir/link.txt --verbose=1
/usr/bin/cc       CMakeFiles/cmTryCompileExec1808744406.dir/CheckSymbolExists.c.o  -o cmTryCompileExec1808744406 -rdynamic 
CMakeFiles/cmTryCompileExec1808744406.dir/CheckSymbolExists.c.o: In function `main':
CheckSymbolExists.c:(.text+0xa): undefined reference to `pthread_create'
collect2: error: ld returned 1 exit status
make[1]: Leaving directory `/home/zejian/catkin_ws/build/CMakeFiles/CMakeTmp'
make[1]: *** [cmTryCompileExec1808744406] Error 1
make: *** [cmTryCompileExec1808744406/fast] Error 2

File /home/zejian/catkin_ws/build/CMakeFiles/CMakeTmp/CheckSymbolExists.c:
/* */
#include <pthread.h>

int main(int argc, char** argv)
{
  (void)argv;
#ifndef pthread_create
  return ((int*)(&pthread_create))[argc];
#else
  (void)argc;
  return 0;
#endif
}

Determining if the function pthread_create exists in the pthreads failed with the following output:
Change Dir: /home/zejian/catkin_ws/build/CMakeFiles/CMakeTmp

Run Build Command:/usr/bin/make "cmTryCompileExec671706445/fast"
/usr/bin/make -f CMakeFiles/cmTryCompileExec671706445.dir/build.make CMakeFiles/cmTryCompileExec671706445.dir/build
make[1]: Entering directory `/home/zejian/catkin_ws/build/CMakeFiles/CMakeTmp'
/usr/bin/cmake -E cmake_progress_report /home/zejian/catkin_ws/build/CMakeFiles/CMakeTmp/CMakeFiles 1
Building C object CMakeFiles/cmTryCompileExec671706445.dir/CheckFunctionExists.c.o
/usr/bin/cc   -DCHECK_FUNCTION_EXISTS=pthread_create   -o CMakeFiles/cmTryCompileExec671706445.dir/CheckFunctionExists.c.o   -c /usr/share/cmake-2.8/Modules/CheckFunctionExists.c
Linking C executable cmTryCompileExec671706445
/usr/bin/cmake -E cmake_link_script CMakeFiles/cmTryCompileExec671706445.dir/link.txt --verbose=1
/usr/bin/cc   -DCHECK_FUNCTION_EXISTS=pthread_create    CMakeFiles/cmTryCompileExec671706445.dir/CheckFunctionExists.c.o  -o cmTryCompileExec671706445 -rdynamic -lpthreads 
/usr/bin/ld: cannot find -lpthreads
collect2: error: ld returned 1 exit status
make[1]: *** [cmTryCompileExec671706445] Error 1
make[1]: Leaving directory `/home/zejian/catkin_ws/build/CMakeFiles/CMakeTmp'
make: *** [cmTryCompileExec671706445/fast] Error 2


Determining if the Q_WS_WIN exist failed with the following output:
Change Dir: /home/zejian/catkin_ws/build/CMakeFiles/CMakeTmp

Run Build Command:/usr/bin/make "cmTryCompileExec359284348/fast"
/usr/bin/make -f CMakeFiles/cmTryCompileExec359284348.dir/build.make CMakeFiles/cmTryCompileExec359284348.dir/build
make[1]: Entering directory `/home/zejian/catkin_ws/build/CMakeFiles/CMakeTmp'
/usr/bin/cmake -E cmake_progress_report /home/zejian/catkin_ws/build/CMakeFiles/CMakeTmp/CMakeFiles 1
Building CXX object CMakeFiles/cmTryCompileExec359284348.dir/CheckSymbolExists.cxx.o
/usr/bin/c++    -I/usr/include/qt4    -o CMakeFiles/cmTryCompileExec359284348.dir/CheckSymbolExists.cxx.o -c /home/zejian/catkin_ws/build/CMakeFiles/CMakeTmp/CheckSymbolExists.cxx
/home/zejian/catkin_ws/build/CMakeFiles/CMakeTmp/CheckSymbolExists.cxx: In function ‘int main(int, char**)’:
/home/zejian/catkin_ws/build/CMakeFiles/CMakeTmp/CheckSymbolExists.cxx:8:19: error: ‘Q_WS_WIN’ was not declared in this scope
   return ((int*)(&Q_WS_WIN))[argc];
                   ^
make[1]: Leaving directory `/home/zejian/catkin_ws/build/CMakeFiles/CMakeTmp'
make[1]: *** [CMakeFiles/cmTryCompileExec359284348.dir/CheckSymbolExists.cxx.o] Error 1
make: *** [cmTryCompileExec359284348/fast] Error 2

File /home/zejian/catkin_ws/build/CMakeFiles/CMakeTmp/CheckSymbolExists.cxx:
/* */
#include <QtCore/qglobal.h>

int main(int argc, char** argv)
{
  (void)argv;
#ifndef Q_WS_WIN
  return ((int*)(&Q_WS_WIN))[argc];
#else
  (void)argc;
  return 0;
#endif
}

Determining if the Q_WS_QWS exist failed with the following output:
Change Dir: /home/zejian/catkin_ws/build/CMakeFiles/CMakeTmp

Run Build Command:/usr/bin/make "cmTryCompileExec2826430546/fast"
/usr/bin/make -f CMakeFiles/cmTryCompileExec2826430546.dir/build.make CMakeFiles/cmTryCompileExec2826430546.dir/build
make[1]: Entering directory `/home/zejian/catkin_ws/build/CMakeFiles/CMakeTmp'
/usr/bin/cmake -E cmake_progress_report /home/zejian/catkin_ws/build/CMakeFiles/CMakeTmp/CMakeFiles 1
Building CXX object CMakeFiles/cmTryCompileExec2826430546.dir/CheckSymbolExists.cxx.o
/usr/bin/c++    -I/usr/include/qt4    -o CMakeFiles/cmTryCompileExec2826430546.dir/CheckSymbolExists.cxx.o -c /home/zejian/catkin_ws/build/CMakeFiles/CMakeTmp/CheckSymbolExists.cxx
/home/zejian/catkin_ws/build/CMakeFiles/CMakeTmp/CheckSymbolExists.cxx: In function ‘int main(int, char**)’:
/home/zejian/catkin_ws/build/CMakeFiles/CMakeTmp/CheckSymbolExists.cxx:8:19: error: ‘Q_WS_QWS’ was not declared in this scope
   return ((int*)(&Q_WS_QWS))[argc];
                   ^
make[1]: Leaving directory `/home/zejian/catkin_ws/build/CMakeFiles/CMakeTmp'
make[1]: *** [CMakeFiles/cmTryCompileExec2826430546.dir/CheckSymbolExists.cxx.o] Error 1
make: *** [cmTryCompileExec2826430546/fast] Error 2

File /home/zejian/catkin_ws/build/CMakeFiles/CMakeTmp/CheckSymbolExists.cxx:
/* */
#include <QtCore/qglobal.h>

int main(int argc, char** argv)
{
  (void)argv;
#ifndef Q_WS_QWS
  return ((int*)(&Q_WS_QWS))[argc];
#else
  (void)argc;
  return 0;
#endif
}

Determining if the Q_WS_MAC exist failed with the following output:
Change Dir: /home/zejian/catkin_ws/build/CMakeFiles/CMakeTmp

Run Build Command:/usr/bin/make "cmTryCompileExec2652222322/fast"
/usr/bin/make -f CMakeFiles/cmTryCompileExec2652222322.dir/build.make CMakeFiles/cmTryCompileExec2652222322.dir/build
make[1]: Entering directory `/home/zejian/catkin_ws/build/CMakeFiles/CMakeTmp'
/usr/bin/cmake -E cmake_progress_report /home/zejian/catkin_ws/build/CMakeFiles/CMakeTmp/CMakeFiles 1
Building CXX object CMakeFiles/cmTryCompileExec2652222322.dir/CheckSymbolExists.cxx.o
/usr/bin/c++    -I/usr/include/qt4    -o CMakeFiles/cmTryCompileExec2652222322.dir/CheckSymbolExists.cxx.o -c /home/zejian/catkin_ws/build/CMakeFiles/CMakeTmp/CheckSymbolExists.cxx
/home/zejian/catkin_ws/build/CMakeFiles/CMakeTmp/CheckSymbolExists.cxx: In function ‘int main(int, char**)’:
/home/zejian/catkin_ws/build/CMakeFiles/CMakeTmp/CheckSymbolExists.cxx:8:19: error: ‘Q_WS_MAC’ was not declared in this scope
   return ((int*)(&Q_WS_MAC))[argc];
                   ^
make[1]: Leaving directory `/home/zejian/catkin_ws/build/CMakeFiles/CMakeTmp'
make[1]: *** [CMakeFiles/cmTryCompileExec2652222322.dir/CheckSymbolExists.cxx.o] Error 1
make: *** [cmTryCompileExec2652222322/fast] Error 2

File /home/zejian/catkin_ws/build/CMakeFiles/CMakeTmp/CheckSymbolExists.cxx:
/* */
#include <QtCore/qglobal.h>

int main(int argc, char** argv)
{
  (void)argv;
#ifndef Q_WS_MAC
  return ((int*)(&Q_WS_MAC))[argc];
#else
  (void)argc;
  return 0;
#endif
}

